2025-04-11 10:05:55,124 [INFO] WebApp:194 - Connection lost
2025-04-11 10:06:01,994 [INFO] WebApp:191 - Connection restablished
2025-04-11 10:06:04,914 [INFO] WebApp:194 - Connection lost
2025-04-11 10:06:05,139 [INFO] WebApp:191 - Connection restablished
2025-04-11 10:25:18,350 [INFO] WebApp:194 - Connection lost
2025-04-11 10:25:18,685 [INFO] WebApp:191 - Connection restablished
2025-04-11 10:25:21,269 [INFO] WebApp:194 - Connection lost
2025-04-11 10:25:21,397 [INFO] WebApp:191 - Connection restablished
2025-04-11 10:40:45,756 [INFO] WebApp:194 - Connection lost
2025-04-11 10:40:46,561 [INFO] WebApp:191 - Connection restablished
2025-04-11 10:56:34,785 [INFO] WebApp:194 - Connection lost
2025-04-11 10:56:35,567 [INFO] WebApp:191 - Connection restablished
2025-04-11 11:12:22,825 [INFO] WebApp:194 - Connection lost
2025-04-11 11:12:23,708 [INFO] WebApp:191 - Connection restablished
2025-04-11 11:29:11,731 [INFO] WebApp:194 - Connection lost
2025-04-11 11:29:13,110 [INFO] WebApp:191 - Connection restablished
2025-04-11 11:47:11,918 [INFO] WebApp:194 - Connection lost
2025-04-11 11:47:12,944 [INFO] WebApp:191 - Connection restablished
2025-04-11 11:47:13,016 [INFO] WebApp:194 - Connection lost
2025-04-11 11:47:13,202 [INFO] WebApp:191 - Connection restablished
2025-04-11 12:04:57,855 [INFO] WebApp:194 - Connection lost
2025-04-11 12:04:58,476 [INFO] WebApp:191 - Connection restablished
2025-04-11 12:04:59,074 [INFO] WebApp:194 - Connection lost
2025-04-11 12:04:59,334 [INFO] WebApp:191 - Connection restablished
2025-04-11 12:21:37,833 [INFO] WebApp:194 - Connection lost
2025-04-11 12:21:39,224 [INFO] WebApp:191 - Connection restablished
2025-04-11 12:26:31,845 [INFO] WebApp:194 - Connection lost
2025-04-11 12:26:33,263 [INFO] WebApp:191 - Connection restablished
2025-04-11 12:43:21,767 [INFO] WebApp:194 - Connection lost
2025-04-11 12:43:23,212 [INFO] WebApp:191 - Connection restablished
2025-04-11 13:00:15,807 [INFO] WebApp:194 - Connection lost
2025-04-11 13:00:17,024 [INFO] WebApp:191 - Connection restablished
2025-04-11 13:17:56,768 [INFO] WebApp:194 - Connection lost
2025-04-11 13:17:57,524 [INFO] WebApp:191 - Connection restablished
2025-04-11 13:27:34,762 [INFO] WebApp:194 - Connection lost
2025-04-11 13:27:35,716 [INFO] WebApp:191 - Connection restablished
2025-04-11 13:27:35,851 [INFO] WebApp:194 - Connection lost
2025-04-11 13:27:36,097 [INFO] WebApp:191 - Connection restablished
2025-04-11 13:30:04,722 [INFO] WebApp:194 - Connection lost
2025-04-11 13:30:05,468 [INFO] WebApp:191 - Connection restablished
2025-04-11 13:48:41,804 [INFO] WebApp:194 - Connection lost
2025-04-11 13:48:42,402 [INFO] WebApp:191 - Connection restablished
2025-04-11 13:48:42,958 [INFO] WebApp:194 - Connection lost
2025-04-11 13:48:43,252 [INFO] WebApp:191 - Connection restablished
2025-04-11 13:55:07,485 [INFO] WebApp:194 - Connection lost
2025-04-11 13:55:07,710 [INFO] WebApp:191 - Connection restablished
2025-04-11 15:04:30,844 [INFO] WebApp:194 - Connection lost
2025-04-11 15:04:31,447 [INFO] WebApp:191 - Connection restablished
2025-04-11 15:04:33,707 [INFO] WebApp:194 - Connection lost
2025-04-11 15:04:34,025 [INFO] WebApp:191 - Connection restablished
2025-04-11 15:30:02,322 [INFO] WebApp:194 - Connection lost
2025-04-11 15:30:03,150 [INFO] WebApp:191 - Connection restablished
2025-04-11 15:51:35,440 [INFO] WebApp:194 - Connection lost
2025-04-11 15:51:36,028 [INFO] WebApp:191 - Connection restablished
2025-04-11 15:51:38,295 [INFO] WebApp:194 - Connection lost
2025-04-11 15:51:38,398 [INFO] WebApp:191 - Connection restablished
2025-04-11 16:06:56,649 [INFO] WebApp:194 - Connection lost
2025-04-11 16:06:57,656 [INFO] WebApp:191 - Connection restablished
2025-04-11 16:06:57,727 [INFO] WebApp:194 - Connection lost
2025-04-11 16:06:57,950 [INFO] WebApp:191 - Connection restablished
2025-04-11 16:12:04,298 [INFO] WebApp:194 - Connection lost
2025-04-11 16:12:05,021 [INFO] WebApp:191 - Connection restablished
2025-04-11 16:17:03,950 [INFO] WebApp:194 - Connection lost
2025-04-11 16:17:04,178 [INFO] WebApp:191 - Connection restablished
2025-04-11 16:17:06,805 [INFO] WebApp:194 - Connection lost
2025-04-11 16:17:06,904 [INFO] WebApp:191 - Connection restablished
2025-04-11 16:32:22,594 [INFO] WebApp:194 - Connection lost
2025-04-11 16:32:24,399 [INFO] WebApp:191 - Connection restablished
2025-04-11 16:57:57,429 [INFO] WebApp:194 - Connection lost
2025-04-11 16:57:58,078 [INFO] WebApp:191 - Connection restablished
2025-04-11 16:58:56,510 [INFO] WebApp:194 - Connection lost
2025-04-11 17:00:05,448 [INFO] WebApp:191 - Connection restablished
2025-04-11 17:01:24,381 [INFO] WebApp:194 - Connection lost
2025-04-11 17:01:31,300 [INFO] WebApp:191 - Connection restablished
2025-04-11 17:02:02,052 [INFO] WebApp:194 - Connection lost
2025-04-11 17:02:16,999 [INFO] WebApp:191 - Connection restablished
2025-04-11 17:03:34,141 [INFO] WebApp:194 - Connection lost
2025-04-11 17:03:41,308 [INFO] WebApp:191 - Connection restablished
2025-04-11 17:04:19,112 [INFO] WebApp:194 - Connection lost
2025-04-11 17:04:24,698 [INFO] WebApp:191 - Connection restablished
2025-04-11 17:05:56,329 [INFO] WebApp:194 - Connection lost
2025-04-11 17:06:01,578 [INFO] WebApp:191 - Connection restablished
2025-04-11 17:07:37,002 [INFO] WebApp:194 - Connection lost
2025-04-11 17:07:44,985 [INFO] WebApp:191 - Connection restablished
2025-04-11 17:15:16,751 [INFO] MainUpdater:2872 - connection check result : 10
2025-04-11 17:15:16,751 [INFO] MainUpdater:2872 - connection check result : 10
2025-04-11 17:15:17,217 [INFO] I2sManager:658 - 9.6E7
2025-04-11 17:15:17,217 [INFO] I2sManager:195 - I2S Clock Value : 9.6E7
2025-04-11 17:15:17,218 [INFO] I2sManager:553 - AudioClock : 93750Divider : 2Odd : 0
2025-04-11 17:15:17,223 [INFO] MicroXplorer:468 - Change Database Path : 
2025-04-11 17:15:17,223 [INFO] MicroXplorer:498 - Change Database Version : DB.6.0.140
2025-04-11 17:15:17,258 [ERROR] ProjectManagerView:394 - 
java.lang.NullPointerException: Cannot invoke "javax.swing.JTextField.getText()" because the return value of "java.util.List.get(int)" is null
	at com.st.microxplorer.plugins.projectmanager.gui.ProjectChoiceTab$9.caretUpdate(ProjectChoiceTab.java:2678) ~[filemanager.jar:?]
	at javax.swing.text.JTextComponent.fireCaretUpdate(JTextComponent.java:408) ~[?:?]
	at javax.swing.text.JTextComponent$MutableCaretEvent.fire(JTextComponent.java:4484) ~[?:?]
	at javax.swing.text.JTextComponent$MutableCaretEvent.stateChanged(JTextComponent.java:4506) ~[?:?]
	at javax.swing.text.DefaultCaret.fireStateChanged(DefaultCaret.java:857) ~[?:?]
	at javax.swing.text.DefaultCaret.changeCaretPosition(DefaultCaret.java:1343) ~[?:?]
	at javax.swing.text.DefaultCaret.handleSetDot(DefaultCaret.java:1242) ~[?:?]
	at javax.swing.text.DefaultCaret.setDot(DefaultCaret.java:1223) ~[?:?]
	at javax.swing.text.DefaultCaret$Handler.insertUpdate(DefaultCaret.java:1819) ~[?:?]
	at javax.swing.text.AbstractDocument.fireInsertUpdate(AbstractDocument.java:227) ~[?:?]
	at javax.swing.text.AbstractDocument.handleInsertString(AbstractDocument.java:781) ~[?:?]
	at javax.swing.text.AbstractDocument.insertString(AbstractDocument.java:740) ~[?:?]
	at javax.swing.text.PlainDocument.insertString(PlainDocument.java:131) ~[?:?]
	at javax.swing.text.AbstractDocument.replace(AbstractDocument.java:699) ~[?:?]
	at javax.swing.text.JTextComponent.setText(JTextComponent.java:1725) ~[?:?]
	at com.st.microxplorer.plugins.projectmanager.gui.ProjectChoiceTab.createHeapStackFields(ProjectChoiceTab.java:979) ~[filemanager.jar:?]
	at com.st.microxplorer.plugins.projectmanager.gui.ProjectChoiceTab.buildLinkSettingsPanel(ProjectChoiceTab.java:3766) ~[filemanager.jar:?]
	at com.st.microxplorer.plugins.projectmanager.gui.ProjectChoiceTab.defineWindowsFields(ProjectChoiceTab.java:1962) ~[filemanager.jar:?]
	at com.st.microxplorer.plugins.projectmanager.gui.ProjectChoiceTab.updateSettings(ProjectChoiceTab.java:555) ~[filemanager.jar:?]
	at com.st.microxplorer.plugins.projectmanager.gui.ProjectSettingsPanel.UpdateDialog(ProjectSettingsPanel.java:245) ~[filemanager.jar:?]
	at com.st.microxplorer.plugins.projectmanager.ProjectManagerView.propertyChange(ProjectManagerView.java:391) ~[filemanager.jar:?]
	at java.beans.PropertyChangeSupport.fire(PropertyChangeSupport.java:343) ~[?:?]
	at java.beans.PropertyChangeSupport.firePropertyChange(PropertyChangeSupport.java:335) ~[?:?]
	at java.beans.PropertyChangeSupport.firePropertyChange(PropertyChangeSupport.java:268) ~[?:?]
	at com.st.microxplorer.util.MXPropertyChangeSupport.firePropertyChange(MXPropertyChangeSupport.java:54) ~[STM32CubeMX.jar:?]
	at com.st.microxplorer.mxsystem.MxSystem.closeConfig(MxSystem.java:899) ~[STM32CubeMX.jar:?]
	at com.st.microxplorer.maingui.MainPanel.closeConfig(MainPanel.java:789) ~[STM32CubeMX.jar:?]
	at com.st.microxplorer.plugins.filemanager.engine.OpenFileManager.loadConfigurationFile(OpenFileManager.java:287) ~[filemanager.jar:?]
	at com.st.microxplorer.plugins.filemanager.engine.MainFileManager.userLoadConfig(MainFileManager.java:341) ~[filemanager.jar:?]
	at com.st.microxplorer.plugins.filemanager.engine.MainFileManager.userLoadConfig(MainFileManager.java:319) ~[filemanager.jar:?]
	at com.st.microxplorer.plugins.filemanager.FileManagerView.getSpecificTask(FileManagerView.java:246) ~[filemanager.jar:?]
	at com.st.stm32cube.common.mx.editor.CubeMxEditor.getMxTabbedPaneInstance(CubeMxEditor.java:1198) ~[com.st.stm32cube.common.mx_6.14.0.202502271554/:?]
	at com.st.stm32cube.common.mx.editor.CubeMxEditor$12$1.createSwingComponent(CubeMxEditor.java:1068) ~[com.st.stm32cube.common.mx_6.14.0.202502271554/:?]
	at com.st.stm32cube.common.mx.oss.core.awtswtbridge.EmbeddedSwingComposite.doComponentCreation(EmbeddedSwingComposite.java:492) ~[com.st.stm32cube.common.mx.oss_6.14.0.202502271554/:?]
	at com.st.stm32cube.common.mx.oss.core.awtswtbridge.EmbeddedSwingComposite$4.run(EmbeddedSwingComposite.java:291) ~[com.st.stm32cube.common.mx.oss_6.14.0.202502271554/:?]
	at com.st.stm32cube.common.mx.oss.core.awtswtbridge.AwtEnvironment$2.run(AwtEnvironment.java:166) ~[com.st.stm32cube.common.mx.oss_6.14.0.202502271554/:?]
	at java.awt.event.InvocationEvent.dispatch(InvocationEvent.java:318) ~[?:?]
	at java.awt.EventQueue.dispatchEventImpl(EventQueue.java:773) ~[?:?]
	at java.awt.EventQueue$4.run(EventQueue.java:720) ~[?:?]
	at java.awt.EventQueue$4.run(EventQueue.java:714) ~[?:?]
	at java.security.AccessController.doPrivileged(AccessController.java:400) ~[?:?]
	at java.security.ProtectionDomain$JavaSecurityAccessImpl.doIntersectionPrivilege(ProtectionDomain.java:87) ~[?:?]
	at java.awt.EventQueue.dispatchEvent(EventQueue.java:742) ~[?:?]
	at java.awt.EventDispatchThread.pumpOneEventForFilters(EventDispatchThread.java:203) ~[?:?]
	at java.awt.EventDispatchThread.pumpEventsForFilter(EventDispatchThread.java:124) ~[?:?]
	at java.awt.EventDispatchThread.pumpEventsForHierarchy(EventDispatchThread.java:113) ~[?:?]
	at java.awt.EventDispatchThread.pumpEvents(EventDispatchThread.java:109) ~[?:?]
	at java.awt.EventDispatchThread.pumpEvents(EventDispatchThread.java:101) ~[?:?]
	at java.awt.EventDispatchThread.run(EventDispatchThread.java:90) ~[?:?]
2025-04-11 17:15:17,260 [WARN] ThirdParty:871 - waiting for thirdparty lock release [close project]
2025-04-11 17:15:17,260 [INFO] ThirdParty:873 - entering critical section [close project]
2025-04-11 17:15:17,260 [INFO] ThirdParty:883 - exiting critical section [close project]
2025-04-11 17:15:17,263 [INFO] PinOutPanel:1589 - setPackage(No Configuration,No Configuration)
2025-04-11 17:15:17,278 [WARN] IpParametersView:155 - Warning: This peripheral hasn't parameters
2025-04-11 17:15:17,290 [WARN] MainPanel:289 - <html><b><center>Warning: This peripheral has no parameters to be configured<br></b></html>
2025-04-11 17:15:17,296 [INFO] UtilMem:75 - Begin LoadConfig() Used Memory: 696057288 Bytes (849346560)
2025-04-11 17:15:17,297 [INFO] MicroXplorer:468 - Change Database Path : 
2025-04-11 17:15:17,297 [INFO] MicroXplorer:498 - Change Database Version : DB.6.0.140
2025-04-11 17:15:17,297 [INFO] OpenFileManager:354 - Change cursor
2025-04-11 17:15:17,342 [INFO] RulesReader:64 - Compatibility file has been processed (301 Rules)
2025-04-11 17:15:17,354 [INFO] Mcu:2011 - Initializing MCU STM32F407V(E-G)Tx STM32F407VGTx STM32F407VGT6
2025-04-11 17:15:18,892 [INFO] Context:756 - Trying to add GPIOservice into a context  which must be forbidden
2025-04-11 17:15:19,669 [INFO] ImportTextPane:218 - (OptionalMessage_ERROR) Pin36 (VP_RIF_VS_RIF1) cannot be retrieved for this MCU
2025-04-11 17:15:19,721 [INFO] RtosManager:558 - Registered RTOS mode: class=CMSIS, group=RTOS, mode=CMSIS_V1, owner=FREERTOS
2025-04-11 17:15:19,721 [INFO] RtosManager:558 - Registered RTOS mode: class=CMSIS, group=RTOS2, mode=CMSIS_V2, owner=FREERTOS
2025-04-11 17:15:19,721 [INFO] RtosManager:558 - Registered RTOS mode: class=RTOS, group=Core, mode=CMSIS_V1, owner=FREERTOS
2025-04-11 17:15:19,721 [INFO] RtosManager:558 - Registered RTOS mode: class=RTOS, group=Core, mode=CMSIS_V2, owner=FREERTOS
2025-04-11 17:15:19,721 [WARN] ModelIntegratedComponent:184 - Missing modes for component STMicroelectronics:FreeRTOS:0.0.1:STMicroelectronics:RTOS:FreeRTOS:Core:::10.2.0:
2025-04-11 17:15:19,741 [WARN] ModelIntegratedComponent:63 - No mode defined for component null
2025-04-11 17:15:19,741 [WARN] ModelIntegratedComponent:63 - No mode defined for component null
2025-04-11 17:15:19,741 [WARN] ModelIntegratedComponent:63 - No mode defined for component null
2025-04-11 17:15:19,741 [WARN] ModelIntegratedComponent:63 - No mode defined for component null
2025-04-11 17:15:19,741 [WARN] ModelIntegratedComponent:63 - No mode defined for component null
2025-04-11 17:15:19,741 [WARN] ModelIntegratedComponent:63 - No mode defined for component null
2025-04-11 17:15:19,741 [WARN] ModelIntegratedComponent:63 - No mode defined for component null
2025-04-11 17:15:19,741 [WARN] ModelIntegratedComponent:63 - No mode defined for component null
2025-04-11 17:15:19,741 [WARN] ModelIntegratedComponent:63 - No mode defined for component null
2025-04-11 17:15:19,741 [WARN] ModelIntegratedComponent:63 - No mode defined for component null
2025-04-11 17:15:19,742 [WARN] ModelIntegratedComponent:63 - No mode defined for component null
2025-04-11 17:15:19,742 [WARN] ModelIntegratedComponent:63 - No mode defined for component null
2025-04-11 17:15:19,742 [WARN] ModelIntegratedComponent:63 - No mode defined for component null
2025-04-11 17:15:19,742 [WARN] ModelIntegratedComponent:63 - No mode defined for component null
2025-04-11 17:15:19,742 [WARN] ModelIntegratedComponent:63 - No mode defined for component null
2025-04-11 17:15:19,742 [WARN] ModelIntegratedComponent:63 - No mode defined for component null
2025-04-11 17:15:19,742 [WARN] ModelIntegratedComponent:63 - No mode defined for component null
2025-04-11 17:15:19,742 [WARN] ModelIntegratedComponent:63 - No mode defined for component null
2025-04-11 17:15:19,742 [WARN] ModelIntegratedComponent:63 - No mode defined for component null
2025-04-11 17:15:19,742 [WARN] ModelIntegratedComponent:63 - No mode defined for component null
2025-04-11 17:15:19,742 [WARN] ModelIntegratedComponent:63 - No mode defined for component null
2025-04-11 17:15:19,743 [WARN] ModelIntegratedComponent:63 - No mode defined for component null
2025-04-11 17:15:19,743 [WARN] ModelIntegratedComponent:63 - No mode defined for component null
2025-04-11 17:15:19,743 [WARN] ModelIntegratedComponent:63 - No mode defined for component null
2025-04-11 17:15:19,743 [WARN] ModelIntegratedComponent:63 - No mode defined for component null
2025-04-11 17:15:19,743 [WARN] ModelIntegratedComponent:63 - No mode defined for component null
2025-04-11 17:15:19,743 [WARN] ModelIntegratedComponent:63 - No mode defined for component null
2025-04-11 17:15:19,743 [WARN] ModelIntegratedComponent:63 - No mode defined for component null
2025-04-11 17:15:19,743 [WARN] ModelIntegratedComponent:63 - No mode defined for component null
2025-04-11 17:15:19,743 [WARN] ModelIntegratedComponent:63 - No mode defined for component null
2025-04-11 17:15:19,743 [WARN] ModelIntegratedComponent:63 - No mode defined for component null
2025-04-11 17:15:19,743 [WARN] ModelIntegratedComponent:63 - No mode defined for component null
2025-04-11 17:15:19,744 [WARN] ModelIntegratedComponent:63 - No mode defined for component null
2025-04-11 17:15:19,744 [WARN] ModelIntegratedComponent:63 - No mode defined for component null
2025-04-11 17:15:19,744 [WARN] ModelIntegratedComponent:63 - No mode defined for component null
2025-04-11 17:15:19,744 [WARN] ModelPack:524 - Component already loaded: STMicroelectronics:HAL Drivers:0.0.0:STMicroelectronics:Device:STMicro_Driver:XSPI:HAL::0.0.1:HAL_XSPI
2025-04-11 17:15:20,042 [INFO] ThirdPartyModel:298 - Start build external matchings
2025-04-11 17:15:20,582 [INFO] ThirdPartyModel:316 - End build external matchings
2025-04-11 17:15:20,597 [INFO] ImportTextPane:218 - (OptionalMessage_ERROR) IP (RCC) : Parameter (RTCHSEDivFreq_Value) has invalid value (4000000)
2025-04-11 17:15:20,832 [INFO] UtilMem:75 - End LoadConfig() Used Memory: 731917152 Bytes (849346560)
2025-04-11 17:15:20,888 [WARN] ThirdParty:833 - waiting for thirdparty lock release [change project]
2025-04-11 17:15:20,888 [INFO] ThirdParty:835 - entering critical section [change project]
2025-04-11 17:15:20,889 [INFO] ThirdParty:1030 - CMSIS Pack Vendor :STMicroelectronics USBPD 4.1
2025-04-11 17:15:20,889 [INFO] ThirdParty:1030 - CMSIS Pack Vendor :STMicroelectronics X-CUBE-AZRTOS-H7 3.3.0
2025-04-11 17:15:20,889 [INFO] ThirdParty:1030 - CMSIS Pack Vendor :STMicroelectronics X-CUBE-NFC9 1.0.0
2025-04-11 17:15:20,889 [INFO] ThirdParty:1030 - CMSIS Pack Vendor :STMicroelectronics USB_HOST 2.0.0
2025-04-11 17:15:20,889 [INFO] ThirdParty:1030 - CMSIS Pack Vendor :STMicroelectronics FP-SNS-MOTENVWB1 1.4.0
2025-04-11 17:15:20,889 [INFO] ThirdParty:1030 - CMSIS Pack Vendor :STMicroelectronics X-CUBE-AZRTOS-F4 1.1.0
2025-04-11 17:15:20,889 [INFO] ThirdParty:1030 - CMSIS Pack Vendor :STMicroelectronics LIBJPEG 8.0.0
2025-04-11 17:15:20,889 [INFO] ThirdParty:1030 - CMSIS Pack Vendor :STMicroelectronics FP-ATR-ASTRA1 2.0.2
2025-04-11 17:15:20,889 [INFO] ThirdParty:1030 - CMSIS Pack Vendor :STMicroelectronics X-CUBE-BLE1 7.1.0
2025-04-11 17:15:20,889 [INFO] ThirdParty:1030 - CMSIS Pack Vendor :STMicroelectronics X-CUBE-SMBUS 2.1.0
2025-04-11 17:15:20,889 [INFO] ThirdParty:1030 - CMSIS Pack Vendor :STMicroelectronics X-CUBE-WB05N 1.1.0
2025-04-11 17:15:20,890 [INFO] ThirdParty:1030 - CMSIS Pack Vendor :wolfSSL I-CUBE-wolfMQTT 1.19.2
2025-04-11 17:15:20,890 [INFO] ThirdParty:1030 - CMSIS Pack Vendor :STMicroelectronics USB_DEVICE 3.0.0
2025-04-11 17:15:20,890 [INFO] ThirdParty:1030 - CMSIS Pack Vendor :STMicroelectronics X-CUBE-ISPU 2.1.0
2025-04-11 17:15:20,890 [INFO] ThirdParty:1030 - CMSIS Pack Vendor :STMicroelectronics X-CUBE-AZRTOS-WB 2.0.0
2025-04-11 17:15:20,890 [INFO] ThirdParty:1030 - CMSIS Pack Vendor :STMicroelectronics X-CUBE-GNSS1 7.0.1
2025-04-11 17:15:20,890 [INFO] ThirdParty:1030 - CMSIS Pack Vendor :STMicroelectronics X-CUBE-AZRTOS-F7 1.1.0
2025-04-11 17:15:20,890 [INFO] ThirdParty:1030 - CMSIS Pack Vendor :STMicroelectronics X-CUBE-AZRTOS-L5 2.0.0
2025-04-11 17:15:20,890 [INFO] ThirdParty:1030 - CMSIS Pack Vendor :STMicroelectronics X-CUBE-TOUCHGFX 4.25.0
2025-04-11 17:15:20,890 [INFO] ThirdParty:1030 - CMSIS Pack Vendor :STMicroelectronics USB_DEVICE 2.0.0
2025-04-11 17:15:20,890 [INFO] ThirdParty:1030 - CMSIS Pack Vendor :STMicroelectronics X-CUBE-NFC6 3.1.0
2025-04-11 17:15:20,891 [INFO] ThirdParty:1030 - CMSIS Pack Vendor :STMicroelectronics FP-SNS-STBOX1 2.0.0
2025-04-11 17:15:20,891 [INFO] ThirdParty:1030 - CMSIS Pack Vendor :STMicroelectronics FreeRTOS 0.0.1
2025-04-11 17:15:20,891 [INFO] ThirdParty:1030 - CMSIS Pack Vendor :STMicroelectronics X-CUBE-AZRTOS-G0 1.1.0
2025-04-11 17:15:20,891 [INFO] ThirdParty:1030 - CMSIS Pack Vendor :STMicroelectronics X-CUBE-SAFEA1 1.2.2
2025-04-11 17:15:20,891 [INFO] ThirdParty:1030 - CMSIS Pack Vendor :STMicroelectronics X-CUBE-NFC4 3.0.0
2025-04-11 17:15:20,891 [INFO] ThirdParty:1030 - CMSIS Pack Vendor :STMicroelectronics X-CUBE-SUBG2 5.0.0
2025-04-11 17:15:20,891 [INFO] ThirdParty:1030 - CMSIS Pack Vendor :STMicroelectronics X-CUBE-AZRTOS-H7RS 1.1.0
2025-04-11 17:15:20,891 [INFO] ThirdParty:1030 - CMSIS Pack Vendor :STMicroelectronics STM32_WPAN 1.0.0
2025-04-11 17:15:20,891 [INFO] ThirdParty:1030 - CMSIS Pack Vendor :EmbeddedOffice I-CUBE-FS-RTOS 1.0.1
2025-04-11 17:15:20,891 [INFO] ThirdParty:1030 - CMSIS Pack Vendor :STMicroelectronics lwIP 2.0.3
2025-04-11 17:15:20,891 [INFO] ThirdParty:1030 - CMSIS Pack Vendor :Cesanta I-CUBE-Mongoose 7.13.0
2025-04-11 17:15:20,891 [INFO] ThirdParty:1030 - CMSIS Pack Vendor :STMicroelectronics USB_HOST 1.0.0
2025-04-11 17:15:20,892 [INFO] ThirdParty:1030 - CMSIS Pack Vendor :Infineon AIROC-Wi-Fi-Bluetooth-STM32 1.7.0
2025-04-11 17:15:20,892 [INFO] ThirdParty:1030 - CMSIS Pack Vendor :STMicroelectronics X-CUBE-AZRTOS-G4 2.0.0
2025-04-11 17:15:20,892 [INFO] ThirdParty:1030 - CMSIS Pack Vendor :STMicroelectronics PDM2PCM 3.1.0
2025-04-11 17:15:20,892 [INFO] ThirdParty:1030 - CMSIS Pack Vendor :STMicroelectronics PDM2PCM 3.3.0
2025-04-11 17:15:20,892 [INFO] ThirdParty:1030 - CMSIS Pack Vendor :wolfSSL I-CUBE-wolfTPM 3.8.0
2025-04-11 17:15:20,892 [INFO] ThirdParty:1030 - CMSIS Pack Vendor :STMicroelectronics X-CUBE-DISPLAY 3.0.0
2025-04-11 17:15:20,892 [INFO] ThirdParty:1030 - CMSIS Pack Vendor :wolfSSL I-CUBE-wolfSSH 1.4.20
2025-04-11 17:15:20,892 [INFO] ThirdParty:1030 - CMSIS Pack Vendor :STMicroelectronics X-CUBE-TCPP 4.2.0
2025-04-11 17:15:20,892 [INFO] ThirdParty:1030 - CMSIS Pack Vendor :RealThread X-CUBE-RT-Thread_Nano 4.1.1
2025-04-11 17:15:20,892 [INFO] ThirdParty:1030 - CMSIS Pack Vendor :STMicroelectronics FP-ATR-SIGFOX1 3.2.0
2025-04-11 17:15:20,892 [INFO] ThirdParty:1030 - CMSIS Pack Vendor :STMicroelectronics X-CUBE-NFC10 1.0.0
2025-04-11 17:15:20,892 [INFO] ThirdParty:1030 - CMSIS Pack Vendor :STMicroelectronics X-CUBE-BLEMGR 4.0.0
2025-04-11 17:15:20,892 [INFO] ThirdParty:1030 - CMSIS Pack Vendor :STMicroelectronics X-CUBE-EEPRMA1 5.1.0
2025-04-11 17:15:20,892 [INFO] ThirdParty:1030 - CMSIS Pack Vendor :STMicroelectronics HAL Drivers 0.0.0
2025-04-11 17:15:20,893 [INFO] ThirdParty:1030 - CMSIS Pack Vendor :STMicroelectronics MBEDTLS 2.16.2
2025-04-11 17:15:20,893 [INFO] ThirdParty:1030 - CMSIS Pack Vendor :STMicroelectronics X-CUBE-IPS 3.1.0
2025-04-11 17:15:20,893 [INFO] ThirdParty:1030 - CMSIS Pack Vendor :STMicroelectronics X-CUBE-ALS 1.0.2
2025-04-11 17:15:20,893 [INFO] ThirdParty:1030 - CMSIS Pack Vendor :emotas I-CUBE-CANOPEN 1.3.0
2025-04-11 17:15:20,893 [INFO] ThirdParty:1030 - CMSIS Pack Vendor :STMicroelectronics X-CUBE-FREERTOS 1.3.0
2025-04-11 17:15:20,893 [INFO] ThirdParty:1030 - CMSIS Pack Vendor :STMicroelectronics X-CUBE-NFC7 1.0.1
2025-04-11 17:15:20,893 [INFO] ThirdParty:1030 - CMSIS Pack Vendor :STMicroelectronics MBEDTLS 2.14.1
2025-04-11 17:15:20,893 [INFO] ThirdParty:1030 - CMSIS Pack Vendor :wolfSSL I-CUBE-wolfSSL 5.7.6
2025-04-11 17:15:20,894 [INFO] ThirdParty:1030 - CMSIS Pack Vendor :ITTIA_DB I-CUBE-ITTIADB 8.9.0
2025-04-11 17:15:20,894 [INFO] ThirdParty:1030 - CMSIS Pack Vendor :portGmbH I-Cube-SoM-uGOAL 1.1.0
2025-04-11 17:15:20,894 [INFO] ThirdParty:1030 - CMSIS Pack Vendor :quantropi X-CUBE-qispace-sdk-base 2.0.0
2025-04-11 17:15:20,894 [INFO] ThirdParty:1030 - CMSIS Pack Vendor :STMicroelectronics X-CUBE-AI 10.0.0
2025-04-11 17:15:20,894 [INFO] ThirdParty:1030 - CMSIS Pack Vendor :STMicroelectronics ThreadX 1.0.0
2025-04-11 17:15:20,894 [INFO] ThirdParty:1030 - CMSIS Pack Vendor :STMicroelectronics FP-SNS-SMARTAG2 1.2.0
2025-04-11 17:15:20,894 [INFO] ThirdParty:1030 - CMSIS Pack Vendor :STMicroelectronics FP-SNS-FLIGHT1 5.1.0
2025-04-11 17:15:20,894 [INFO] ThirdParty:1030 - CMSIS Pack Vendor :STMicroelectronics X-CUBE-MEMS1 11.1.0
2025-04-11 17:15:20,894 [INFO] ThirdParty:1030 - CMSIS Pack Vendor :STMicroelectronics X-CUBE-AZRTOS-WL 2.0.0
2025-04-11 17:15:20,894 [INFO] ThirdParty:1030 - CMSIS Pack Vendor :SEGGER I-CUBE-embOS 1.3.1
2025-04-11 17:15:20,895 [INFO] ThirdParty:1030 - CMSIS Pack Vendor :STMicroelectronics X-CUBE-ALGOBUILD 1.4.0
2025-04-11 17:15:20,895 [INFO] ThirdParty:1030 - CMSIS Pack Vendor :STMicroelectronics X-CUBE-DPower 1.3.0
2025-04-11 17:15:20,895 [INFO] ThirdParty:1030 - CMSIS Pack Vendor :STMicroelectronics FP-SNS-MOTENV1 5.0.0
2025-04-11 17:15:20,895 [INFO] ThirdParty:1030 - CMSIS Pack Vendor :STMicroelectronics USB_DEVICE 1.0.0
2025-04-11 17:15:20,895 [INFO] ThirdParty:1030 - CMSIS Pack Vendor :STMicroelectronics X-CUBE-AZRTOS-L4 2.0.0
2025-04-11 17:15:20,895 [INFO] ThirdParty:1030 - CMSIS Pack Vendor :STMicroelectronics ThreadX 0.0.2
2025-04-11 17:15:20,895 [INFO] ThirdParty:1030 - CMSIS Pack Vendor :WES I-CUBE-Cesium 1.3.0
2025-04-11 17:15:20,895 [INFO] ThirdParty:1030 - CMSIS Pack Vendor :STMicroelectronics lwIP 2.1.2
2025-04-11 17:15:20,895 [INFO] ThirdParty:1030 - CMSIS Pack Vendor :STMicroelectronics X-CUBE-SFXS2LP1 4.0.0
2025-04-11 17:15:20,895 [INFO] ThirdParty:1030 - CMSIS Pack Vendor :STMicroelectronics X-CUBE-BLE2 3.3.0
2025-04-11 17:15:20,896 [INFO] ThirdParty:1030 - CMSIS Pack Vendor :STMicroelectronics X-CUBE-TOF1 3.4.2
2025-04-11 17:15:20,896 [INFO] ThirdParty:1030 - CMSIS Pack Vendor :STMicroelectronics PDM2PCM 3.2.0
2025-04-11 17:15:20,896 [INFO] ThirdParty:841 - exiting critical section [change project]
2025-04-11 17:15:21,315 [INFO] PinOutPanel:1589 - setPackage(No Configuration,No Configuration)
2025-04-11 17:15:21,317 [INFO] PinOutPanel:1589 - setPackage(STM32F407VGTx,LQFP100)
2025-04-11 17:15:21,632 [INFO] UtilMem:75 - Before build in PCC Used Memory: 459466384 Bytes (849346560)
2025-04-11 17:15:21,902 [INFO] UtilMem:75 - After build in PCC Used Memory: 507150496 Bytes (849346560)
2025-04-11 17:15:21,910 [INFO] ApiDbMcu:508 - Load IP Config File for USB_HOST
2025-04-11 17:15:21,911 [WARN] BspModel:444 - BSP dependency skipped because of component: name='IOExpander', api='Unknown'
2025-04-11 17:15:21,938 [INFO] IPUIPlugin:80 - create IPUIPlugin
2025-04-11 17:15:21,938 [INFO] IPUIPlugin:80 - create IPUIPlugin
2025-04-11 17:15:21,938 [INFO] IPUIPlugin:80 - create IPUIPlugin
2025-04-11 17:15:21,939 [INFO] IPUIPlugin:80 - create IPUIPlugin
2025-04-11 17:15:21,939 [INFO] IPUIPlugin:80 - create IPUIPlugin
2025-04-11 17:15:21,939 [INFO] IPUIPlugin:80 - create IPUIPlugin
2025-04-11 17:15:21,939 [INFO] IPUIPlugin:80 - create IPUIPlugin
2025-04-11 17:15:21,939 [INFO] IPUIPlugin:80 - create IPUIPlugin
2025-04-11 17:15:21,939 [INFO] IPUIPlugin:80 - create IPUIPlugin
2025-04-11 17:15:21,940 [INFO] IPUIPlugin:80 - create IPUIPlugin
2025-04-11 17:15:21,940 [INFO] IPUIPlugin:80 - create IPUIPlugin
2025-04-11 17:15:21,940 [INFO] IPUIPlugin:80 - create IPUIPlugin
2025-04-11 17:15:21,940 [INFO] IPUIPlugin:80 - create IPUIPlugin
2025-04-11 17:15:21,940 [INFO] IPUIPlugin:80 - create IPUIPlugin
2025-04-11 17:15:21,940 [INFO] IPUIPlugin:80 - create IPUIPlugin
2025-04-11 17:15:21,941 [INFO] IPUIPlugin:80 - create IPUIPlugin
2025-04-11 17:15:21,941 [INFO] IPUIPlugin:80 - create IPUIPlugin
2025-04-11 17:15:21,942 [INFO] IPUIPlugin:80 - create IPUIPlugin
2025-04-11 17:15:21,942 [INFO] IPUIPlugin:80 - create IPUIPlugin
2025-04-11 17:15:21,942 [INFO] IPUIPlugin:80 - create IPUIPlugin
2025-04-11 17:15:21,942 [INFO] IPUIPlugin:80 - create IPUIPlugin
2025-04-11 17:15:21,942 [INFO] IPUIPlugin:80 - create IPUIPlugin
2025-04-11 17:15:21,943 [INFO] IPUIPlugin:80 - create IPUIPlugin
2025-04-11 17:15:21,943 [INFO] IPUIPlugin:80 - create IPUIPlugin
2025-04-11 17:15:21,943 [INFO] IPUIPlugin:80 - create IPUIPlugin
2025-04-11 17:15:21,943 [INFO] IPUIPlugin:80 - create IPUIPlugin
2025-04-11 17:15:21,943 [INFO] IPUIPlugin:80 - create IPUIPlugin
2025-04-11 17:15:21,944 [INFO] IPUIPlugin:80 - create IPUIPlugin
2025-04-11 17:15:21,944 [INFO] IPUIPlugin:80 - create IPUIPlugin
2025-04-11 17:15:21,944 [INFO] IPUIPlugin:80 - create IPUIPlugin
2025-04-11 17:15:21,944 [INFO] IPUIPlugin:80 - create IPUIPlugin
2025-04-11 17:15:21,944 [INFO] IPUIPlugin:80 - create IPUIPlugin
2025-04-11 17:15:21,945 [INFO] IPUIPlugin:80 - create IPUIPlugin
2025-04-11 17:15:21,945 [INFO] IPUIPlugin:80 - create IPUIPlugin
2025-04-11 17:15:21,945 [INFO] IPUIPlugin:80 - create IPUIPlugin
2025-04-11 17:15:21,945 [INFO] IPUIPlugin:80 - create IPUIPlugin
2025-04-11 17:15:21,945 [INFO] IPUIPlugin:80 - create IPUIPlugin
2025-04-11 17:15:21,945 [INFO] IPUIPlugin:80 - create IPUIPlugin
2025-04-11 17:15:21,945 [INFO] IPUIPlugin:80 - create IPUIPlugin
2025-04-11 17:15:21,945 [INFO] IPUIPlugin:80 - create IPUIPlugin
2025-04-11 17:15:21,946 [INFO] IPUIPlugin:80 - create IPUIPlugin
2025-04-11 17:15:21,946 [INFO] IPUIPlugin:80 - create IPUIPlugin
2025-04-11 17:15:21,946 [INFO] IPUIPlugin:80 - create IPUIPlugin
2025-04-11 17:15:21,946 [INFO] IPUIPlugin:80 - create IPUIPlugin
2025-04-11 17:15:21,946 [INFO] IPUIPlugin:80 - create IPUIPlugin
2025-04-11 17:15:21,946 [INFO] IPUIPlugin:80 - create IPUIPlugin
2025-04-11 17:15:21,946 [INFO] IPUIPlugin:80 - create IPUIPlugin
2025-04-11 17:15:21,947 [INFO] IPUIPlugin:80 - create IPUIPlugin
2025-04-11 17:15:21,947 [INFO] IPUIPlugin:80 - create IPUIPlugin
2025-04-11 17:15:21,947 [INFO] IPUIPlugin:80 - create IPUIPlugin
2025-04-11 17:15:21,947 [INFO] IPUIPlugin:80 - create IPUIPlugin
2025-04-11 17:15:21,948 [INFO] IPUIPlugin:80 - create IPUIPlugin
2025-04-11 17:15:21,948 [INFO] IPUIPlugin:80 - create IPUIPlugin
2025-04-11 17:15:21,948 [INFO] IPUIPlugin:80 - create IPUIPlugin
2025-04-11 17:15:21,949 [INFO] IPUIPlugin:80 - create IPUIPlugin
2025-04-11 17:15:21,949 [INFO] IPUIPlugin:80 - create IPUIPlugin
2025-04-11 17:15:21,949 [INFO] IPUIPlugin:80 - create IPUIPlugin
2025-04-11 17:15:21,950 [INFO] IPUIPlugin:80 - create IPUIPlugin
2025-04-11 17:15:21,954 [INFO] ApiDbMcu:508 - Load IP Config File for PDM2PCM
2025-04-11 17:15:21,955 [WARN] IP:2250 - I2C_Coeff_DF not found: check if there is a RefParameter without a condition.
2025-04-11 17:15:21,955 [WARN] IP:2250 - Analog_Filter not found: check if there is a RefParameter without a condition.
2025-04-11 17:15:21,958 [INFO] I2sManager:658 - 9.6E7
2025-04-11 17:15:21,958 [INFO] I2sManager:195 - I2S Clock Value : 9.6E7
2025-04-11 17:15:21,959 [INFO] I2sManager:553 - AudioClock : 93750Divider : 2Odd : 0
2025-04-11 17:15:22,030 [INFO] CADModel:165 - CPN selected for project levelSTM32F407VGT6
2025-04-11 17:15:22,030 [INFO] CADModel:114 - Register for checkConnection events
2025-04-11 17:15:22,067 [INFO] OpenFileManager:385 - Restore cursor
2025-04-11 17:15:22,333 [WARN] IP:2250 - I2C_Coeff_DF not found: check if there is a RefParameter without a condition.
2025-04-11 17:15:22,333 [WARN] IP:2250 - Analog_Filter not found: check if there is a RefParameter without a condition.
2025-04-11 17:15:22,334 [WARN] IP:2250 - I2C_Coeff_DF not found: check if there is a RefParameter without a condition.
2025-04-11 17:15:22,334 [WARN] IP:2250 - Analog_Filter not found: check if there is a RefParameter without a condition.
2025-04-11 17:15:38,488 [INFO] NvicIntPanel:101 - NVIC parent = com.st.microxplorer.plugins.ip.nvic.MultiNvicIntPanel[,0,0,0x0,invalid,layout=javax.swing.BoxLayout,alignmentX=0.0,alignmentY=0.0,border=,flags=9,maximumSize=,minimumSize=,preferredSize=]
2025-04-11 17:17:26,428 [INFO] NvicIntPanel:101 - NVIC parent = com.st.microxplorer.plugins.ip.nvic.MultiNvicIntPanel[,0,0,0x0,invalid,layout=javax.swing.BoxLayout,alignmentX=0.0,alignmentY=0.0,border=,flags=9,maximumSize=,minimumSize=,preferredSize=]
2025-04-11 17:17:47,607 [INFO] NvicIntPanel:101 - NVIC parent = com.st.microxplorer.plugins.ip.nvic.MultiNvicIntPanel[,0,0,0x0,invalid,layout=javax.swing.BoxLayout,alignmentX=0.0,alignmentY=0.0,border=,flags=9,maximumSize=,minimumSize=,preferredSize=]
2025-04-11 17:28:54,799 [INFO] UtilMem:75 - End SaveConfig() Used Memory: 517803496 Bytes (849346560)
2025-04-11 17:28:54,947 [INFO] UtilMem:75 - End SaveConfig() Used Memory: 539823592 Bytes (849346560)
2025-04-11 17:28:55,287 [INFO] UtilMem:75 - End SaveConfig() Used Memory: 568135144 Bytes (849346560)
2025-04-11 17:28:55,637 [INFO] BlockDiagram:2775 - set Specific Code input for plugin: SPI
2025-04-11 17:28:55,638 [INFO] BlockDiagram:2775 - set Specific Code input for plugin: TIM1_8
2025-04-11 17:28:55,638 [INFO] BlockDiagram:2775 - set Specific Code input for plugin: I2S
2025-04-11 17:28:55,638 [INFO] BlockDiagram:2775 - set Specific Code input for plugin: SYS
2025-04-11 17:28:55,638 [INFO] BlockDiagram:2775 - set Specific Code input for plugin: RCC
2025-04-11 17:28:55,638 [INFO] BlockDiagram:2775 - set Specific Code input for plugin: I2C
2025-04-11 17:28:55,638 [INFO] BlockDiagram:2775 - set Specific Code input for plugin: USB_OTG_FS
2025-04-11 17:28:55,638 [INFO] BlockDiagram:2775 - set Specific Code input for plugin: NVIC
2025-04-11 17:28:55,638 [INFO] BlockDiagram:2775 - set Specific Code input for plugin: USB_HOST
2025-04-11 17:28:55,638 [INFO] BlockDiagram:2775 - set Specific Code input for plugin: GPIO
2025-04-11 17:28:55,639 [INFO] CodeGenerator:882 - code generatio: config db path: /Applications/STM32CubeIDE.app/Contents/Eclipse/plugins/com.st.stm32cube.common.mx_6.14.0.202502271554//db/
2025-04-11 17:28:55,641 [WARN] IP:2250 - I2C_Coeff_DF not found: check if there is a RefParameter without a condition.
2025-04-11 17:28:55,641 [WARN] IP:2250 - Analog_Filter not found: check if there is a RefParameter without a condition.
2025-04-11 17:28:55,785 [INFO] CodeEngine:263 - oldGeneratedFile, /Users/winstonhar/ENCE-3231/Projects/2025_STM32F407_InputMode_CaptureDirect/MXTmpFiles/license.tmp_save
2025-04-11 17:28:56,109 [INFO] CodeEngine:287 - Generated code: /Users/winstonhar/ENCE-3231/Projects/2025_STM32F407_InputMode_CaptureDirect/MXTmpFiles/license.tmp
2025-04-11 17:28:56,169 [INFO] CodeEngine:263 - oldGeneratedFile, /Users/winstonhar/ENCE-3231/Projects/2025_STM32F407_InputMode_CaptureDirect/MXTmpFiles/gpio.tmp_save
2025-04-11 17:28:56,371 [INFO] CodeEngine:287 - Generated code: /Users/winstonhar/ENCE-3231/Projects/2025_STM32F407_InputMode_CaptureDirect/MXTmpFiles/gpio.tmp
2025-04-11 17:28:56,449 [WARN] IPConfigManager:3174 - Warning: the RefConfig PWREx_EnableUSBVoltageDetector is not available in your config.xml file
2025-04-11 17:28:56,455 [INFO] CodeEngine:263 - oldGeneratedFile, /Users/winstonhar/ENCE-3231/Projects/2025_STM32F407_InputMode_CaptureDirect/MXTmpFiles/usb_otg_fs_vars.tmp_save
2025-04-11 17:28:56,635 [INFO] CodeEngine:287 - Generated code: /Users/winstonhar/ENCE-3231/Projects/2025_STM32F407_InputMode_CaptureDirect/MXTmpFiles/usb_otg_fs_vars.tmp
2025-04-11 17:28:56,638 [INFO] CodeEngine:263 - oldGeneratedFile, /Users/winstonhar/ENCE-3231/Projects/2025_STM32F407_InputMode_CaptureDirect/MXTmpFiles/usb_otg_fs_inc.tmp_save
2025-04-11 17:28:56,771 [INFO] CodeEngine:287 - Generated code: /Users/winstonhar/ENCE-3231/Projects/2025_STM32F407_InputMode_CaptureDirect/MXTmpFiles/usb_otg_fs_inc.tmp
2025-04-11 17:28:56,774 [INFO] CodeEngine:263 - oldGeneratedFile, /Users/winstonhar/ENCE-3231/Projects/2025_STM32F407_InputMode_CaptureDirect/MXTmpFiles/usb_otg_fs_HalInit.tmp_save
2025-04-11 17:28:56,907 [INFO] CodeEngine:287 - Generated code: /Users/winstonhar/ENCE-3231/Projects/2025_STM32F407_InputMode_CaptureDirect/MXTmpFiles/usb_otg_fs_HalInit.tmp
2025-04-11 17:28:56,911 [INFO] CodeEngine:263 - oldGeneratedFile, /Users/winstonhar/ENCE-3231/Projects/2025_STM32F407_InputMode_CaptureDirect/MXTmpFiles/usb_otg_fs_Msp.tmp_save
2025-04-11 17:28:57,040 [INFO] CodeEngine:287 - Generated code: /Users/winstonhar/ENCE-3231/Projects/2025_STM32F407_InputMode_CaptureDirect/MXTmpFiles/usb_otg_fs_Msp.tmp
2025-04-11 17:28:57,321 [INFO] CodeEngine:263 - oldGeneratedFile, /Users/winstonhar/ENCE-3231/Projects/2025_STM32F407_InputMode_CaptureDirect/USB_HOST/App/usb_host.c_save
2025-04-11 17:28:57,407 [INFO] CodeEngine:287 - Generated code: /Users/winstonhar/ENCE-3231/Projects/2025_STM32F407_InputMode_CaptureDirect/USB_HOST/App/usb_host.c
2025-04-11 17:28:57,410 [INFO] CodeEngine:263 - oldGeneratedFile, /Users/winstonhar/ENCE-3231/Projects/2025_STM32F407_InputMode_CaptureDirect/USB_HOST/App/usb_host.h_save
2025-04-11 17:28:57,488 [INFO] CodeEngine:287 - Generated code: /Users/winstonhar/ENCE-3231/Projects/2025_STM32F407_InputMode_CaptureDirect/USB_HOST/App/usb_host.h
2025-04-11 17:28:57,492 [INFO] CodeEngine:263 - oldGeneratedFile, /Users/winstonhar/ENCE-3231/Projects/2025_STM32F407_InputMode_CaptureDirect/USB_HOST/Target/usbh_conf.h_save
2025-04-11 17:28:57,569 [INFO] CodeEngine:287 - Generated code: /Users/winstonhar/ENCE-3231/Projects/2025_STM32F407_InputMode_CaptureDirect/USB_HOST/Target/usbh_conf.h
2025-04-11 17:28:57,573 [INFO] CodeEngine:263 - oldGeneratedFile, /Users/winstonhar/ENCE-3231/Projects/2025_STM32F407_InputMode_CaptureDirect/USB_HOST/Target/usbh_conf.c_save
2025-04-11 17:28:57,649 [INFO] CodeEngine:287 - Generated code: /Users/winstonhar/ENCE-3231/Projects/2025_STM32F407_InputMode_CaptureDirect/USB_HOST/Target/usbh_conf.c
2025-04-11 17:28:57,654 [INFO] CodeEngine:263 - oldGeneratedFile, /Users/winstonhar/ENCE-3231/Projects/2025_STM32F407_InputMode_CaptureDirect/USB_HOST/Target/usbh_platform.c_save
2025-04-11 17:28:57,723 [INFO] CodeEngine:287 - Generated code: /Users/winstonhar/ENCE-3231/Projects/2025_STM32F407_InputMode_CaptureDirect/USB_HOST/Target/usbh_platform.c
2025-04-11 17:28:57,726 [INFO] CodeEngine:263 - oldGeneratedFile, /Users/winstonhar/ENCE-3231/Projects/2025_STM32F407_InputMode_CaptureDirect/USB_HOST/Target/usbh_platform.h_save
2025-04-11 17:28:57,794 [INFO] CodeEngine:287 - Generated code: /Users/winstonhar/ENCE-3231/Projects/2025_STM32F407_InputMode_CaptureDirect/USB_HOST/Target/usbh_platform.h
2025-04-11 17:28:57,807 [INFO] CodeEngine:263 - oldGeneratedFile, /Users/winstonhar/ENCE-3231/Projects/2025_STM32F407_InputMode_CaptureDirect/Core/Src/stm32f4xx_it.c_save
2025-04-11 17:28:58,006 [INFO] CodeEngine:287 - Generated code: /Users/winstonhar/ENCE-3231/Projects/2025_STM32F407_InputMode_CaptureDirect/Core/Src/stm32f4xx_it.c
2025-04-11 17:28:58,010 [INFO] CodeEngine:263 - oldGeneratedFile, /Users/winstonhar/ENCE-3231/Projects/2025_STM32F407_InputMode_CaptureDirect/Core/Inc/stm32f4xx_it.h_save
2025-04-11 17:28:58,078 [INFO] CodeEngine:287 - Generated code: /Users/winstonhar/ENCE-3231/Projects/2025_STM32F407_InputMode_CaptureDirect/Core/Inc/stm32f4xx_it.h
2025-04-11 17:28:58,095 [INFO] CodeEngine:263 - oldGeneratedFile, /Users/winstonhar/ENCE-3231/Projects/2025_STM32F407_InputMode_CaptureDirect/Core/Src/stm32f4xx_hal_msp.c_save
2025-04-11 17:28:58,208 [INFO] CodeEngine:287 - Generated code: /Users/winstonhar/ENCE-3231/Projects/2025_STM32F407_InputMode_CaptureDirect/Core/Src/stm32f4xx_hal_msp.c
2025-04-11 17:28:58,211 [INFO] CodeEngine:263 - oldGeneratedFile, /Users/winstonhar/ENCE-3231/Projects/2025_STM32F407_InputMode_CaptureDirect/MXTmpFiles/system.tmp_save
2025-04-11 17:28:58,275 [INFO] CodeEngine:287 - Generated code: /Users/winstonhar/ENCE-3231/Projects/2025_STM32F407_InputMode_CaptureDirect/MXTmpFiles/system.tmp
2025-04-11 17:28:58,282 [INFO] CodeEngine:319 - oldGeneratedFile, /Users/winstonhar/ENCE-3231/Projects/2025_STM32F407_InputMode_CaptureDirect/Core/Inc/stm32f4xx_hal_conf.h_save
2025-04-11 17:28:58,359 [INFO] CodeEngine:343 - Generated code: /Users/winstonhar/ENCE-3231/Projects/2025_STM32F407_InputMode_CaptureDirect/Core/Inc/stm32f4xx_hal_conf.h
2025-04-11 17:28:58,386 [INFO] ApiDbMcu:508 - Load IP Config File for I2C1
2025-04-11 17:28:58,390 [INFO] ApiDbMcu:508 - Load IP Config File for I2S3
2025-04-11 17:28:58,393 [INFO] ApiDbMcu:508 - Load IP Config File for SPI1
2025-04-11 17:28:58,405 [INFO] ApiDbMcu:508 - Load IP Config File for TIM2
2025-04-11 17:28:58,408 [INFO] ApiDbMcu:508 - Load IP Config File for RCC
2025-04-11 17:28:58,411 [WARN] IPConfigManager:3747 - IP not found : TIM
2025-04-11 17:28:58,413 [WARN] CodeGenerator:4198 - IP not found : null
2025-04-11 17:28:58,418 [INFO] CodeEngine:263 - oldGeneratedFile, /Users/winstonhar/ENCE-3231/Projects/2025_STM32F407_InputMode_CaptureDirect/Core/Inc/main.h_save
2025-04-11 17:28:58,543 [INFO] CodeEngine:287 - Generated code: /Users/winstonhar/ENCE-3231/Projects/2025_STM32F407_InputMode_CaptureDirect/Core/Inc/main.h
2025-04-11 17:28:58,548 [INFO] CodeEngine:263 - oldGeneratedFile, /Users/winstonhar/ENCE-3231/Projects/2025_STM32F407_InputMode_CaptureDirect/Core/Src/main.c_save
2025-04-11 17:28:58,672 [INFO] CodeEngine:287 - Generated code: /Users/winstonhar/ENCE-3231/Projects/2025_STM32F407_InputMode_CaptureDirect/Core/Src/main.c
2025-04-11 17:28:59,249 [INFO] ProjectBuilder:3324 - Time for Copy HAL[1] : 238mS.
2025-04-11 17:28:59,254 [INFO] ProjectBuilder:4912 - Project Generator version: 4.6.0-B36
2025-04-11 17:28:59,388 [INFO] ConfigFileManager:1590 - The Die is : DIE413
2025-04-11 17:28:59,392 [INFO] ApiDbMcu:508 - Load IP Config File for FATFS
2025-04-11 17:28:59,400 [INFO] ApiDbMcu:508 - Load IP Config File for FREERTOS
2025-04-11 17:28:59,404 [INFO] ApiDbMcu:508 - Load IP Config File for LIBJPEG
2025-04-11 17:28:59,415 [INFO] ApiDbMcu:508 - Load IP Config File for LWIP
2025-04-11 17:28:59,425 [INFO] ApiDbMcu:508 - Load IP Config File for MBEDTLS
2025-04-11 17:28:59,437 [INFO] ApiDbMcu:508 - Load IP Config File for USB_DEVICE
2025-04-11 17:29:00,410 [INFO] ProjectBuilder:5191 - Time for Generating toolchain IDE Files: 1156mS.
2025-04-11 17:29:00,411 [INFO] ProjectBuilder:3181 - Time for Copy CMSIS : 0mS.
2025-04-11 17:29:00,414 [INFO] ProjectBuilder:3181 - Time for Copy CMSIS : 0mS.
2025-04-11 17:29:08,082 [INFO] NvicIntPanel:101 - NVIC parent = com.st.microxplorer.plugins.ip.nvic.MultiNvicIntPanel[,0,0,0x0,invalid,layout=javax.swing.BoxLayout,alignmentX=0.0,alignmentY=0.0,border=,flags=9,maximumSize=,minimumSize=,preferredSize=]
2025-04-11 20:29:21,941 [INFO] WebApp:194 - Connection lost
2025-04-11 20:29:27,821 [INFO] WebApp:191 - Connection restablished
2025-04-11 20:31:02,423 [INFO] WebApp:194 - Connection lost
2025-04-11 20:31:07,689 [INFO] WebApp:191 - Connection restablished
2025-04-11 20:31:41,580 [INFO] WebApp:194 - Connection lost
2025-04-11 21:49:29,552 [INFO] WebApp:191 - Connection restablished
2025-04-11 21:49:29,973 [INFO] WebApp:194 - Connection lost
2025-04-11 21:49:30,122 [INFO] WebApp:191 - Connection restablished
